<?xml version="1.0" encoding="UTF-8"?>
<!-- Generated by org.testng.reporters.JUnitXMLReporter -->
<testsuite ignored="0" hostname="Vamsikishores-MacBook-Air.local" failures="0" tests="12" name="Smoke Test" time="9.921" errors="0" timestamp="2023-08-22T23:00:20 GMT-04:00">
  <testcase classname="tests.magentoLoginPageTest" name="navigateToLoginPage" time="0.601"/>
  <testcase classname="tests.magentoLoginPageTest" name="verifyLoginPageUrlAndTitle" time="0.029"/>
  <testcase classname="tests.magentoLoginPageTest" name="verifyLoginSectionElements" time="0.071"/>
  <testcase classname="tests.magentoLoginPageTest" name="verifyLoginSectionErrorValidation" time="0.095"/>
  <testcase classname="tests.magentoLoginPageTest" name="verifyForgotPasswordLinkDisplay" time="0.017"/>
  <testcase classname="tests.magentoLoginPageTest" name="verifyForgotPasswordLinkNavigation" time="0.522"/>
  <testcase classname="tests.magentoLoginPageTest" name="verifyForgotPasswordPageElements" time="0.075"/>
  <testcase classname="tests.magentoLoginPageTest" name="verifyForgotPasswordPageBrowserBackFunctionality" time="0.561"/>
  <testcase classname="tests.magentoLoginPageTest" name="verifyInvalidLoginCredentials" time="1.644"/>
  <testcase classname="tests.magentoLoginPageTest" name="verifyInvalidLoginCredentials" time="1.573"/>
  <testcase classname="tests.magentoLoginPageTest" name="verifyLogin" time="1.196"/>
  <testcase classname="tests.magentoLoginPageTest" name="verifySignOutFeature" time="0.892"/>
</testsuite> <!-- Smoke Test -->
