<?xml version="1.0" encoding="UTF-8"?>
<testsuite xmlns:xsi="http://www.w3.org/2001/XMLSchema-instance" xsi:noNamespaceSchemaLocation="https://maven.apache.org/surefire/maven-surefire-plugin/xsd/surefire-test-report.xsd" name="TestSuite" time="139.266" tests="26" errors="0" skipped="0" failures="1">
  <properties>
[...]
</properties>
  <testcase name="navigateToLoginPage" classname="tests.magentoLoginPageTest" time="1.548"/>
  <testcase name="navigateToLoginPage" classname="tests.magentoLoginPageTest" time="1.55"/>
  <testcase name="verifyLoginPageUrlAndTitle" classname="tests.magentoLoginPageTest" time="0.24"/>
  <testcase name="verifyLoginPageUrlAndTitle" classname="tests.magentoLoginPageTest" time="0.046"/>
  <testcase name="verifyLoginSectionElements" classname="tests.magentoLoginPageTest" time="0.272"/>
  <testcase name="verifyLoginSectionElements" classname="tests.magentoLoginPageTest" time="0.481"/>
  <testcase name="verifyLoginSectionErrorValidation" classname="tests.magentoLoginPageTest" time="0.393"/>
  <testcase name="verifyLoginSectionErrorValidation" classname="tests.magentoLoginPageTest" time="12.063">
    <failure message="Expected condition failed: waiting for visibility of element located by By.id: email-error (tried for 10 second(s) with 500 milliseconds interval)" type="org.openqa.selenium.TimeoutException">org.openqa.selenium.TimeoutException: Expected condition failed: waiting for visibility of element located by By.id: email-error (tried for 10 second(s) with 500 milliseconds interval)
	at tests.magentoLoginPageTest.verifyLoginSectionErrorValidation(magentoLoginPageTest.java:46)
Caused by: org.openqa.selenium.NoSuchElementException: 
Unable to locate element: #email\-error
For documentation on this error, please visit: https://www.seleniumhq.org/exceptions/no_such_element.html
Build info: version: '3.141.59', revision: 'e82be7d358', time: '2018-11-14T08:17:03'
System info: host: 'MADMAX', ip: '192.168.1.103', os.name: 'Windows 11', os.arch: 'amd64', os.version: '10.0', java.version: '19.0.2'
Driver info: org.openqa.selenium.firefox.FirefoxDriver
Capabilities {acceptInsecureCerts: true, browserName: firefox, browserVersion: 85.0.2, javascriptEnabled: true, moz:accessibilityChecks: false, moz:buildID: 20210208133944, moz:geckodriverVersion: 0.29.0, moz:headless: false, moz:processID: 17996, moz:profile: C:\Users\saism\AppData\Loca..., moz:shutdownTimeout: 60000, moz:useNonSpecCompliantPointerOrigin: false, moz:webdriverClick: true, pageLoadStrategy: normal, platform: WINDOWS, platformName: WINDOWS, platformVersion: 10.0, rotatable: false, setWindowRect: true, strictFileInteractability: false, timeouts: {implicit: 0, pageLoad: 300000, script: 30000}, unhandledPromptBehavior: dismiss and notify}
Session ID: be88c633-4ec1-4598-a42f-1e98a73681ca
*** Element info: {Using=id, value=email-error}
	at tests.magentoLoginPageTest.verifyLoginSectionErrorValidation(magentoLoginPageTest.java:46)
</failure>
  </testcase>
  <testcase name="verifyForgotPasswordLinkDisplay" classname="tests.magentoLoginPageTest" time="0.042"/>
  <testcase name="verifyForgotPasswordLinkDisplay" classname="tests.magentoLoginPageTest" time="0.047"/>
  <testcase name="verifyForgotPasswordLinkNavigation" classname="tests.magentoLoginPageTest" time="1.052"/>
  <testcase name="verifyForgotPasswordLinkNavigation" classname="tests.magentoLoginPageTest" time="0.938"/>
  <testcase name="verifyForgotPasswordPageElements" classname="tests.magentoLoginPageTest" time="0.307"/>
  <testcase name="verifyForgotPasswordPageElements" classname="tests.magentoLoginPageTest" time="0.493"/>
  <testcase name="verifyForgotPasswordPageBrowserBackFunctionality" classname="tests.magentoLoginPageTest" time="1.308"/>
  <testcase name="verifyForgotPasswordPageBrowserBackFunctionality" classname="tests.magentoLoginPageTest" time="0.953"/>
  <testcase name="verifyInvalidLoginCredentials" classname="tests.magentoLoginPageTest" time="2.753"/>
  <testcase name="verifyInvalidLoginCredentials" classname="tests.magentoLoginPageTest" time="2.685"/>
  <testcase name="verifyInvalidLoginCredentials" classname="tests.magentoLoginPageTest" time="3.124"/>
  <testcase name="verifyInvalidLoginCredentials" classname="tests.magentoLoginPageTest" time="2.766"/>
  <testcase name="verifyLogin" classname="tests.magentoLoginPageTest" time="1.893"/>
  <testcase name="verifyLogin" classname="tests.magentoLoginPageTest" time="1.505"/>
  <testcase name="verifySignOutFeature" classname="tests.magentoLoginPageTest" time="2.141"/>
  <testcase name="verifySignOutFeature" classname="tests.magentoLoginPageTest" time="8.036"/>
  <testcase name="createAccountAndLogin" classname="tests.magentoCreateAccountPageTest" time="11.291"/>
  <testcase name="createAccountAndLogin" classname="tests.magentoCreateAccountPageTest" time="17.023"/>
</testsuite>