<?xml version="1.0" encoding="UTF-8"?>
<!-- Generated by org.testng.reporters.JUnitXMLReporter -->
<testsuite ignored="0" hostname="madmax" failures="0" tests="13" name="ChromeTest" time="56.868" errors="0" timestamp="2023-08-23T14:27:46 PDT">
  <testcase classname="tests.magentoLoginPageTest" name="navigateToLoginPage" time="1.54"/>
  <testcase classname="tests.magentoLoginPageTest" name="verifyLoginPageUrlAndTitle" time="0.238"/>
  <testcase classname="tests.magentoLoginPageTest" name="verifyLoginSectionElements" time="0.272"/>
  <testcase classname="tests.magentoLoginPageTest" name="verifyLoginSectionErrorValidation" time="0.394"/>
  <testcase classname="tests.magentoLoginPageTest" name="verifyForgotPasswordLinkDisplay" time="0.041"/>
  <testcase classname="tests.magentoLoginPageTest" name="verifyForgotPasswordLinkNavigation" time="1.051"/>
  <testcase classname="tests.magentoLoginPageTest" name="verifyForgotPasswordPageElements" time="0.307"/>
  <testcase classname="tests.magentoLoginPageTest" name="verifyForgotPasswordPageBrowserBackFunctionality" time="1.307"/>
  <testcase classname="tests.magentoLoginPageTest" name="verifyInvalidLoginCredentials" time="2.753"/>
  <testcase classname="tests.magentoLoginPageTest" name="verifyInvalidLoginCredentials" time="2.684"/>
  <testcase classname="tests.magentoLoginPageTest" name="verifyLogin" time="1.892"/>
  <testcase classname="tests.magentoLoginPageTest" name="verifySignOutFeature" time="2.141"/>
  <testcase classname="tests.magentoCreateAccountPageTest" name="createAccountAndLogin" time="11.291"/>
</testsuite> <!-- ChromeTest -->
